<?xml version="1.0" encoding="UTF-8"?>
<!-- Generated by org.testng.reporters.JUnitXMLReporter -->
<testsuite ignored="0" hostname="DESKTOP-0D0PETR" failures="0" tests="3" name="Default test" time="30.616" errors="0" timestamp="2020-09-15T13:28:04 IST">
  <testcase classname="com.Google.qa.testcases.HomePageTest" name="HomePageTitleTest" time="0.014"/>
  <testcase classname="com.Google.qa.testcases.HomePageTest" name="HomePageLogoTest" time="0.063"/>
  <testcase classname="com.Google.qa.testcases.HomePageTest" name="HomePageSearchFuntionalityTest" time="7.242"/>
</testsuite> <!-- Default test -->
