<?xml version="1.0" encoding="UTF-8"?>
<!-- Generated by org.testng.reporters.JUnitXMLReporter -->
<testsuite ignored="0" hostname="DESKTOP-0D0PETR" failures="0" tests="6" name="Google Test" time="88.973" errors="0" timestamp="2020-09-15T13:18:48 IST">
  <testcase classname="com.Google.qa.testcases.HomePageTest" name="HomePageTitleTest" time="0.018"/>
  <testcase classname="com.Google.qa.testcases.HomePageTest" name="HomePageLogoTest" time="0.059"/>
  <testcase classname="com.Google.qa.testcases.HomePageTest" name="HomePageSearchFuntionalityTest" time="7.351"/>
  <testcase classname="com.Google.qa.testcases.SearchpageTest" name="SearchPageTitleTest" time="0.009"/>
  <testcase classname="com.Google.qa.testcases.SearchpageTest" name="NavigationToLandingpage" time="8.722"/>
  <testcase classname="com.Google.qa.testcases.LandingPageTest" name="LandingPageTitleTest" time="0.015"/>
</testsuite> <!-- Google Test -->
